Keylogger started at: 2025-09-22 02:39:23
==================================================
[2025-09-22 02:39:33] Pressed: h
[2025-09-22 02:39:33] Pressed: i
[2025-09-22 02:39:34] Pressed: Key.space
[2025-09-22 02:39:35] Pressed: i
[2025-09-22 02:39:35] Pressed: m
[2025-09-22 02:39:36] Pressed: Key.space
[2025-09-22 02:39:37] Pressed: h
[2025-09-22 02:39:37] Pressed: a
[2025-09-22 02:39:37] Pressed: r
[2025-09-22 02:39:38] Pressed: i
[2025-09-22 02:39:38] Pressed: s
[2025-09-22 02:39:38] Pressed: h
[2025-09-22 02:39:39] Pressed: Key.space
[2025-09-22 02:39:39] Pressed: t
[2025-09-22 02:39:39] Pressed: e
[2025-09-22 02:39:40] Pressed: s
[2025-09-22 02:39:40] Pressed: t
[2025-09-22 02:39:40] Pressed: i
[2025-09-22 02:39:40] Pressed: n
[2025-09-22 02:39:41] Pressed: g
[2025-09-22 02:39:41] Pressed: Key.space
[2025-09-22 02:39:41] Pressed: k
[2025-09-22 02:39:42] Pressed: e
[2025-09-22 02:39:42] Pressed: y
[2025-09-22 02:39:43] Pressed: l
[2025-09-22 02:39:43] Pressed: o
[2025-09-22 02:39:44] Pressed: g
[2025-09-22 02:39:44] Pressed: g
[2025-09-22 02:39:44] Pressed: e
[2025-09-22 02:39:44] Pressed: r
[2025-09-22 02:39:46] Pressed: Key.space
[2025-09-22 02:39:50] Pressed: Key.esc
